============================================================
RECONVERTING ALL 100 IMAGES WITH OPTIMAL SETTINGS
Denoising: 0.3 (vs old: 0.15)
CFG Scale: 3.0 (vs old: 2.0)
============================================================

Processing batch: Tasks 1-5
  ✓ Task #1 (cat)
  ✓ Task #2 (dog)
  ✓ Task #3 (cat)
  ✓ Task #4 (dog)
  ✓ Task #5 (cat)

Processing batch: Tasks 6-10
  ✓ Task #6 (dog)
  ✓ Task #7 (cat)
  ✓ Task #8 (dog)
  ✓ Task #9 (cat)
  ✓ Task #10 (dog)

Processing batch: Tasks 11-15
  ✓ Task #11 (cat)
  ✓ Task #12 (dog)
  ✓ Task #13 (cat)
  ✓ Task #14 (dog)
  ✓ Task #15 (cat)

Processing batch: Tasks 16-20
  ✓ Task #16 (dog)
  ✓ Task #17 (cat)
  ✓ Task #18 (dog)
  ✓ Task #19 (cat)
  ✓ Task #20 (dog)

Processing batch: Tasks 21-25
  ✓ Task #21 (cat)
  ✓ Task #22 (dog)
  ✓ Task #23 (cat)
  ✓ Task #24 (dog)
  ✓ Task #25 (cat)

Processing batch: Tasks 26-30
  ✓ Task #26 (dog)
  ✓ Task #27 (cat)
  ✓ Task #28 (dog)
  ✓ Task #29 (cat)
  ✓ Task #30 (dog)

Processing batch: Tasks 31-35
  ✓ Task #31 (cat)
  ✓ Task #32 (dog)
  ✓ Task #33 (cat)
  ✓ Task #34 (dog)
  ✓ Task #35 (cat)

Processing batch: Tasks 36-40
  ✓ Task #36 (dog)
  ✓ Task #37 (cat)
  ✓ Task #38 (dog)
  ✓ Task #39 (cat)
  ✓ Task #40 (dog)

Processing batch: Tasks 41-45
  ✓ Task #41 (cat)
  ✓ Task #42 (dog)
  ✓ Task #43 (cat)
  ✓ Task #44 (dog)
  ✓ Task #45 (cat)

Processing batch: Tasks 46-50
  ✓ Task #46 (dog)
  ✓ Task #47 (cat)
  ✓ Task #48 (dog)
  ✓ Task #49 (cat)
  ✓ Task #50 (dog)

Processing batch: Tasks 51-55
  ✓ Task #51 (cat)
  ✓ Task #52 (dog)
  ✓ Task #53 (cat)
  ✓ Task #54 (dog)
  ✓ Task #55 (cat)

Processing batch: Tasks 56-60
  ✓ Task #56 (dog)
  ✓ Task #57 (cat)
  ✓ Task #58 (dog)
  ✓ Task #59 (cat)
  ✓ Task #60 (dog)

Processing batch: Tasks 61-65
  ✓ Task #61 (cat)
  ✓ Task #62 (dog)
  ✓ Task #63 (cat)
  ✓ Task #64 (dog)
  ✓ Task #65 (cat)

Processing batch: Tasks 66-70
  ✓ Task #66 (dog)
  ✓ Task #67 (cat)
  ✓ Task #68 (dog)
  ✓ Task #69 (cat)
  ✓ Task #70 (dog)

Processing batch: Tasks 71-75
  ✓ Task #71 (cat)
  ✓ Task #72 (dog)
  ✓ Task #73 (cat)
  ✓ Task #74 (dog)
  ✓ Task #75 (cat)

Processing batch: Tasks 76-80
  ✓ Task #76 (dog)
  ✓ Task #77 (cat)
  ✓ Task #78 (dog)
  ✓ Task #79 (cat)
  ✓ Task #80 (dog)

Processing batch: Tasks 81-85
  ✓ Task #81 (cat)
  ✓ Task #82 (dog)
  ✓ Task #83 (cat)
  ✓ Task #84 (dog)
  ✓ Task #85 (cat)

Processing batch: Tasks 86-90
  ✓ Task #86 (dog)
  ✓ Task #87 (cat)
  ✓ Task #88 (dog)
  ✓ Task #89 (cat)
  ✓ Task #90 (dog)

Processing batch: Tasks 91-95
  ✓ Task #91 (cat)
  ✓ Task #92 (dog)
  ✓ Task #93 (cat)
  ✓ Task #94 (dog)
  ✓ Task #95 (cat)

Processing batch: Tasks 96-100
  ✓ Task #96 (dog)
  ✓ Task #97 (cat)
  ✓ Task #98 (dog)
  ✓ Task #99 (cat)
  ✓ Task #100 (dog)

============================================================
✅ RECONVERSION COMPLETE!
📊 Results: 100/100 successful
⏱️  Time: 29.4 minutes
📁 Images: public/evaluation-images/real_task_*.jpg

🎨 Key Improvements:
  • Oil painting effect now clearly visible
  • Brushstroke texture apparent
  • Subjects remain perfectly recognizable
  • No species transformation issues

🔗 View at: http://localhost:3000/evaluation-dashboard
